2022-07-03 09:05:03,171 INFO [main] org.springframework.boot.StartupInfoLogger : Starting ProcedimientoUsuarioServiceTest using Java 17 on DESKTOP-U349J0B with PID 6972 (started by Ana in F:\Universidad\TFG\SDS_Definitivo\SDS\SDS\SDS-Controller)
2022-07-03 09:05:08,729 DEBUG [main] org.springframework.boot.StartupInfoLogger : Running with Spring Boot v2.5.5, Spring v5.3.10
2022-07-03 09:05:08,744 INFO [main] org.springframework.boot.SpringApplication : No active profile set, falling back to default profiles: default
2022-07-03 09:05:27,640 INFO [main] org.springframework.boot.StartupInfoLogger : Starting ProcedimientoUsuarioServiceTest using Java 17 on DESKTOP-U349J0B with PID 6972 (started by Ana in F:\Universidad\TFG\SDS_Definitivo\SDS\SDS\SDS-Controller)
2022-07-03 09:05:27,641 DEBUG [main] org.springframework.boot.StartupInfoLogger : Running with Spring Boot v2.5.5, Spring v5.3.10
2022-07-03 09:05:27,642 INFO [main] org.springframework.boot.SpringApplication : No active profile set, falling back to default profiles: default
2022-07-03 09:05:30,210 INFO [main] org.springframework.boot.StartupInfoLogger : Starting ProcedimientoUsuarioServiceTest using Java 17 on DESKTOP-U349J0B with PID 6972 (started by Ana in F:\Universidad\TFG\SDS_Definitivo\SDS\SDS\SDS-Controller)
2022-07-03 09:05:30,210 DEBUG [main] org.springframework.boot.StartupInfoLogger : Running with Spring Boot v2.5.5, Spring v5.3.10
2022-07-03 09:05:30,211 INFO [main] org.springframework.boot.SpringApplication : No active profile set, falling back to default profiles: default
2022-07-03 09:05:32,513 INFO [main] org.springframework.boot.StartupInfoLogger : Starting ProcedimientoUsuarioServiceTest using Java 17 on DESKTOP-U349J0B with PID 6972 (started by Ana in F:\Universidad\TFG\SDS_Definitivo\SDS\SDS\SDS-Controller)
2022-07-03 09:05:32,515 DEBUG [main] org.springframework.boot.StartupInfoLogger : Running with Spring Boot v2.5.5, Spring v5.3.10
2022-07-03 09:05:32,517 INFO [main] org.springframework.boot.SpringApplication : No active profile set, falling back to default profiles: default
2022-07-03 09:05:35,097 INFO [main] org.springframework.boot.StartupInfoLogger : Starting ProcedimientoUsuarioServiceTest using Java 17 on DESKTOP-U349J0B with PID 6972 (started by Ana in F:\Universidad\TFG\SDS_Definitivo\SDS\SDS\SDS-Controller)
2022-07-03 09:05:35,097 DEBUG [main] org.springframework.boot.StartupInfoLogger : Running with Spring Boot v2.5.5, Spring v5.3.10
2022-07-03 09:05:35,098 INFO [main] org.springframework.boot.SpringApplication : No active profile set, falling back to default profiles: default
2022-07-03 09:05:37,229 INFO [main] org.springframework.boot.StartupInfoLogger : Starting ProcedimientoUsuarioServiceTest using Java 17 on DESKTOP-U349J0B with PID 6972 (started by Ana in F:\Universidad\TFG\SDS_Definitivo\SDS\SDS\SDS-Controller)
2022-07-03 09:05:37,229 DEBUG [main] org.springframework.boot.StartupInfoLogger : Running with Spring Boot v2.5.5, Spring v5.3.10
2022-07-03 09:05:37,230 INFO [main] org.springframework.boot.SpringApplication : No active profile set, falling back to default profiles: default
2022-07-03 09:09:19,796 INFO [main] org.springframework.boot.StartupInfoLogger : Starting ProcedimientoUsuarioServiceTest using Java 17 on DESKTOP-U349J0B with PID 7040 (started by Ana in F:\Universidad\TFG\SDS_Definitivo\SDS\SDS\SDS-Controller)
2022-07-03 09:09:19,799 DEBUG [main] org.springframework.boot.StartupInfoLogger : Running with Spring Boot v2.5.5, Spring v5.3.10
2022-07-03 09:09:19,802 INFO [main] org.springframework.boot.SpringApplication : No active profile set, falling back to default profiles: default
2022-07-03 09:09:27,772 INFO [main] org.springframework.boot.StartupInfoLogger : Starting ProcedimientoUsuarioServiceTest using Java 17 on DESKTOP-U349J0B with PID 7040 (started by Ana in F:\Universidad\TFG\SDS_Definitivo\SDS\SDS\SDS-Controller)
2022-07-03 09:09:27,773 DEBUG [main] org.springframework.boot.StartupInfoLogger : Running with Spring Boot v2.5.5, Spring v5.3.10
2022-07-03 09:09:27,791 INFO [main] org.springframework.boot.SpringApplication : No active profile set, falling back to default profiles: default
2022-07-03 09:10:51,036 INFO [main] org.springframework.boot.StartupInfoLogger : Starting ProcedimientoUsuarioServiceTest using Java 17 on DESKTOP-U349J0B with PID 1884 (started by Ana in F:\Universidad\TFG\SDS_Definitivo\SDS\SDS\SDS-Controller)
2022-07-03 09:10:51,040 DEBUG [main] org.springframework.boot.StartupInfoLogger : Running with Spring Boot v2.5.5, Spring v5.3.10
2022-07-03 09:10:51,050 INFO [main] org.springframework.boot.SpringApplication : No active profile set, falling back to default profiles: default
2022-07-03 09:10:59,289 INFO [main] org.springframework.boot.StartupInfoLogger : Starting ProcedimientoUsuarioServiceTest using Java 17 on DESKTOP-U349J0B with PID 1884 (started by Ana in F:\Universidad\TFG\SDS_Definitivo\SDS\SDS\SDS-Controller)
2022-07-03 09:10:59,290 DEBUG [main] org.springframework.boot.StartupInfoLogger : Running with Spring Boot v2.5.5, Spring v5.3.10
2022-07-03 09:10:59,291 INFO [main] org.springframework.boot.SpringApplication : No active profile set, falling back to default profiles: default
2022-07-03 09:12:56,399 INFO [main] org.springframework.boot.StartupInfoLogger : Starting ProcedimientoUsuarioServiceTest using Java 17 on DESKTOP-U349J0B with PID 7176 (started by Ana in F:\Universidad\TFG\SDS_Definitivo\SDS\SDS\SDS-Controller)
2022-07-03 09:12:56,402 DEBUG [main] org.springframework.boot.StartupInfoLogger : Running with Spring Boot v2.5.5, Spring v5.3.10
2022-07-03 09:12:56,408 INFO [main] org.springframework.boot.SpringApplication : No active profile set, falling back to default profiles: default
2022-07-03 09:13:05,342 INFO [main] org.springframework.boot.StartupInfoLogger : Starting ProcedimientoUsuarioServiceTest using Java 17 on DESKTOP-U349J0B with PID 7176 (started by Ana in F:\Universidad\TFG\SDS_Definitivo\SDS\SDS\SDS-Controller)
2022-07-03 09:13:05,343 DEBUG [main] org.springframework.boot.StartupInfoLogger : Running with Spring Boot v2.5.5, Spring v5.3.10
2022-07-03 09:13:05,344 INFO [main] org.springframework.boot.SpringApplication : No active profile set, falling back to default profiles: default
2022-07-03 09:14:56,350 INFO [main] org.springframework.boot.StartupInfoLogger : Starting ProcedimientoUsuarioServiceTest using Java 17 on DESKTOP-U349J0B with PID 9304 (started by Ana in F:\Universidad\TFG\SDS_Definitivo\SDS\SDS\SDS-Controller)
2022-07-03 09:14:56,352 DEBUG [main] org.springframework.boot.StartupInfoLogger : Running with Spring Boot v2.5.5, Spring v5.3.10
2022-07-03 09:14:56,354 INFO [main] org.springframework.boot.SpringApplication : No active profile set, falling back to default profiles: default
2022-07-03 09:15:10,955 INFO [main] org.springframework.boot.StartupInfoLogger : Started ProcedimientoUsuarioServiceTest in 15.269 seconds (JVM running for 16.662)
2022-07-03 09:18:24,552 INFO [main] org.springframework.boot.StartupInfoLogger : Starting ProcedimientoUsuarioServiceTest using Java 17 on DESKTOP-U349J0B with PID 6504 (started by Ana in F:\Universidad\TFG\SDS_Definitivo\SDS\SDS\SDS-Controller)
2022-07-03 09:18:24,555 DEBUG [main] org.springframework.boot.StartupInfoLogger : Running with Spring Boot v2.5.5, Spring v5.3.10
2022-07-03 09:18:24,571 INFO [main] org.springframework.boot.SpringApplication : No active profile set, falling back to default profiles: default
2022-07-03 09:18:37,218 INFO [main] org.springframework.boot.StartupInfoLogger : Started ProcedimientoUsuarioServiceTest in 13.336 seconds (JVM running for 18.07)
2022-07-03 09:19:10,399 INFO [main] org.springframework.boot.StartupInfoLogger : Starting ProcedimientoUsuarioServiceTest using Java 17 on DESKTOP-U349J0B with PID 8668 (started by Ana in F:\Universidad\TFG\SDS_Definitivo\SDS\SDS\SDS-Controller)
2022-07-03 09:19:10,426 DEBUG [main] org.springframework.boot.StartupInfoLogger : Running with Spring Boot v2.5.5, Spring v5.3.10
2022-07-03 09:19:10,438 INFO [main] org.springframework.boot.SpringApplication : No active profile set, falling back to default profiles: default
2022-07-03 09:19:41,823 INFO [main] org.springframework.boot.StartupInfoLogger : Started ProcedimientoUsuarioServiceTest in 32.504 seconds (JVM running for 34.894)
2022-07-03 09:23:24,831 INFO [main] org.springframework.boot.StartupInfoLogger : Starting ProcedimientoUsuarioServiceTest using Java 17 on DESKTOP-U349J0B with PID 5428 (started by Ana in F:\Universidad\TFG\SDS_Definitivo\SDS\SDS\SDS-Controller)
2022-07-03 09:23:24,842 DEBUG [main] org.springframework.boot.StartupInfoLogger : Running with Spring Boot v2.5.5, Spring v5.3.10
2022-07-03 09:23:24,849 INFO [main] org.springframework.boot.SpringApplication : No active profile set, falling back to default profiles: default
2022-07-03 09:23:40,977 INFO [main] org.springframework.boot.StartupInfoLogger : Started ProcedimientoUsuarioServiceTest in 17.201 seconds (JVM running for 19.556)
2022-07-03 09:24:49,521 INFO [main] org.springframework.boot.StartupInfoLogger : Starting ProcedimientoUsuarioServiceTest using Java 17 on DESKTOP-U349J0B with PID 9560 (started by Ana in F:\Universidad\TFG\SDS_Definitivo\SDS\SDS\SDS-Controller)
2022-07-03 09:24:49,531 DEBUG [main] org.springframework.boot.StartupInfoLogger : Running with Spring Boot v2.5.5, Spring v5.3.10
2022-07-03 09:24:49,533 INFO [main] org.springframework.boot.SpringApplication : No active profile set, falling back to default profiles: default
2022-07-03 09:25:05,688 INFO [main] org.springframework.boot.StartupInfoLogger : Started ProcedimientoUsuarioServiceTest in 17.166 seconds (JVM running for 19.586)
2022-07-03 09:27:26,532 INFO [main] org.springframework.boot.StartupInfoLogger : Starting ProcedimientoUsuarioServiceTest using Java 17 on DESKTOP-U349J0B with PID 6896 (started by Ana in F:\Universidad\TFG\SDS_Definitivo\SDS\SDS\SDS-Controller)
2022-07-03 09:27:26,546 DEBUG [main] org.springframework.boot.StartupInfoLogger : Running with Spring Boot v2.5.5, Spring v5.3.10
2022-07-03 09:27:26,548 INFO [main] org.springframework.boot.SpringApplication : No active profile set, falling back to default profiles: default
2022-07-03 09:27:42,590 INFO [main] org.springframework.boot.StartupInfoLogger : Started ProcedimientoUsuarioServiceTest in 17.121 seconds (JVM running for 19.146)
2022-07-03 09:48:38,135 INFO [main] org.springframework.boot.StartupInfoLogger : Starting ProcedimientoUsuarioServiceTest using Java 17 on DESKTOP-U349J0B with PID 9324 (started by Ana in F:\Universidad\TFG\SDS_Definitivo\SDS\SDS\SDS-Controller)
2022-07-03 09:48:38,139 DEBUG [main] org.springframework.boot.StartupInfoLogger : Running with Spring Boot v2.5.5, Spring v5.3.10
2022-07-03 09:48:38,143 INFO [main] org.springframework.boot.SpringApplication : No active profile set, falling back to default profiles: default
2022-07-03 09:48:52,821 INFO [main] org.springframework.boot.StartupInfoLogger : Started ProcedimientoUsuarioServiceTest in 15.736 seconds (JVM running for 17.54)
2022-07-03 09:49:28,112 INFO [main] org.springframework.boot.StartupInfoLogger : Starting ProcedimientoUsuarioServiceTest using Java 17 on DESKTOP-U349J0B with PID 9504 (started by Ana in F:\Universidad\TFG\SDS_Definitivo\SDS\SDS\SDS-Controller)
2022-07-03 09:49:28,115 DEBUG [main] org.springframework.boot.StartupInfoLogger : Running with Spring Boot v2.5.5, Spring v5.3.10
2022-07-03 09:49:28,125 INFO [main] org.springframework.boot.SpringApplication : No active profile set, falling back to default profiles: default
2022-07-03 09:49:38,298 INFO [main] org.springframework.boot.StartupInfoLogger : Started ProcedimientoUsuarioServiceTest in 10.765 seconds (JVM running for 11.97)
2022-07-03 09:50:17,444 INFO [main] org.springframework.boot.StartupInfoLogger : Starting ProcedimientoUsuarioServiceTest using Java 17 on DESKTOP-U349J0B with PID 8060 (started by Ana in F:\Universidad\TFG\SDS_Definitivo\SDS\SDS\SDS-Controller)
2022-07-03 09:50:17,448 DEBUG [main] org.springframework.boot.StartupInfoLogger : Running with Spring Boot v2.5.5, Spring v5.3.10
2022-07-03 09:50:17,459 INFO [main] org.springframework.boot.SpringApplication : No active profile set, falling back to default profiles: default
2022-07-03 09:50:30,171 INFO [main] org.springframework.boot.StartupInfoLogger : Started ProcedimientoUsuarioServiceTest in 13.591 seconds (JVM running for 16.789)
2022-07-03 09:51:55,601 INFO [main] org.springframework.boot.StartupInfoLogger : Starting ProcedimientoUsuarioServiceTest using Java 17 on DESKTOP-U349J0B with PID 8100 (started by Ana in F:\Universidad\TFG\SDS_Definitivo\SDS\SDS\SDS-Controller)
2022-07-03 09:51:55,605 DEBUG [main] org.springframework.boot.StartupInfoLogger : Running with Spring Boot v2.5.5, Spring v5.3.10
2022-07-03 09:51:55,607 INFO [main] org.springframework.boot.SpringApplication : No active profile set, falling back to default profiles: default
2022-07-03 09:52:05,690 INFO [main] org.springframework.boot.StartupInfoLogger : Started ProcedimientoUsuarioServiceTest in 10.643 seconds (JVM running for 22.917)
2022-07-03 10:12:45,899 INFO [main] org.springframework.boot.StartupInfoLogger : Starting ProcedimientoUsuarioServiceTest using Java 17 on DESKTOP-U349J0B with PID 6476 (started by Ana in F:\Universidad\TFG\SDS_Definitivo\SDS\SDS\SDS-Controller)
2022-07-03 10:12:45,914 DEBUG [main] org.springframework.boot.StartupInfoLogger : Running with Spring Boot v2.5.5, Spring v5.3.10
2022-07-03 10:12:45,916 INFO [main] org.springframework.boot.SpringApplication : No active profile set, falling back to default profiles: default
2022-07-03 10:13:08,652 INFO [main] org.springframework.boot.StartupInfoLogger : Started ProcedimientoUsuarioServiceTest in 23.739 seconds (JVM running for 29.278)
2022-07-03 10:13:31,688 INFO [main] org.springframework.boot.StartupInfoLogger : Starting ProcedimientoUsuarioServiceTest using Java 17 on DESKTOP-U349J0B with PID 1824 (started by Ana in F:\Universidad\TFG\SDS_Definitivo\SDS\SDS\SDS-Controller)
2022-07-03 10:13:31,691 DEBUG [main] org.springframework.boot.StartupInfoLogger : Running with Spring Boot v2.5.5, Spring v5.3.10
2022-07-03 10:13:31,696 INFO [main] org.springframework.boot.SpringApplication : No active profile set, falling back to default profiles: default
2022-07-03 10:13:44,584 INFO [main] org.springframework.boot.StartupInfoLogger : Started ProcedimientoUsuarioServiceTest in 13.708 seconds (JVM running for 18.577)
2022-07-03 10:15:27,760 INFO [main] org.springframework.boot.StartupInfoLogger : Starting ProcedimientoUsuarioServiceTest using Java 17 on DESKTOP-U349J0B with PID 6728 (started by Ana in F:\Universidad\TFG\SDS_Definitivo\SDS\SDS\SDS-Controller)
2022-07-03 10:15:27,762 DEBUG [main] org.springframework.boot.StartupInfoLogger : Running with Spring Boot v2.5.5, Spring v5.3.10
2022-07-03 10:15:27,772 INFO [main] org.springframework.boot.SpringApplication : No active profile set, falling back to default profiles: default
2022-07-03 10:15:39,375 INFO [main] org.springframework.boot.StartupInfoLogger : Started ProcedimientoUsuarioServiceTest in 12.549 seconds (JVM running for 15.493)
2022-07-03 10:16:52,832 INFO [main] org.springframework.boot.StartupInfoLogger : Starting ProcedimientoUsuarioServiceTest using Java 17 on DESKTOP-U349J0B with PID 964 (started by Ana in F:\Universidad\TFG\SDS_Definitivo\SDS\SDS\SDS-Controller)
2022-07-03 10:16:52,837 DEBUG [main] org.springframework.boot.StartupInfoLogger : Running with Spring Boot v2.5.5, Spring v5.3.10
2022-07-03 10:16:52,839 INFO [main] org.springframework.boot.SpringApplication : No active profile set, falling back to default profiles: default
2022-07-03 10:17:08,595 INFO [main] org.springframework.boot.StartupInfoLogger : Started ProcedimientoUsuarioServiceTest in 16.732 seconds (JVM running for 18.646)
2022-07-03 10:35:44,113 INFO [main] org.springframework.boot.StartupInfoLogger : Starting ProcedimientoUsuarioServiceTest using Java 17 on DESKTOP-U349J0B with PID 3944 (started by Ana in F:\Universidad\TFG\SDS_Definitivo\SDS\SDS\SDS-Controller)
2022-07-03 10:35:44,117 DEBUG [main] org.springframework.boot.StartupInfoLogger : Running with Spring Boot v2.5.5, Spring v5.3.10
2022-07-03 10:35:44,119 INFO [main] org.springframework.boot.SpringApplication : No active profile set, falling back to default profiles: default
2022-07-03 10:35:56,412 INFO [main] org.springframework.boot.StartupInfoLogger : Started ProcedimientoUsuarioServiceTest in 12.871 seconds (JVM running for 15.768)
2022-07-03 10:42:21,402 INFO [main] org.springframework.boot.StartupInfoLogger : Starting ProcedimientoUsuarioServiceTest using Java 17 on DESKTOP-U349J0B with PID 10420 (started by Ana in F:\Universidad\TFG\SDS_Definitivo\SDS\SDS\SDS-Controller)
2022-07-03 10:42:21,406 DEBUG [main] org.springframework.boot.StartupInfoLogger : Running with Spring Boot v2.5.5, Spring v5.3.10
2022-07-03 10:42:21,411 INFO [main] org.springframework.boot.SpringApplication : No active profile set, falling back to default profiles: default
2022-07-03 10:42:31,350 INFO [main] org.springframework.boot.StartupInfoLogger : Started ProcedimientoUsuarioServiceTest in 10.513 seconds (JVM running for 11.758)
2022-07-03 10:43:57,221 INFO [main] org.springframework.boot.StartupInfoLogger : Starting ProcedimientoUsuarioServiceTest using Java 17 on DESKTOP-U349J0B with PID 7632 (started by Ana in F:\Universidad\TFG\SDS_Definitivo\SDS\SDS\SDS-Controller)
2022-07-03 10:43:57,237 DEBUG [main] org.springframework.boot.StartupInfoLogger : Running with Spring Boot v2.5.5, Spring v5.3.10
2022-07-03 10:43:57,240 INFO [main] org.springframework.boot.SpringApplication : No active profile set, falling back to default profiles: default
2022-07-03 10:44:12,605 INFO [main] org.springframework.boot.StartupInfoLogger : Started ProcedimientoUsuarioServiceTest in 16.072 seconds (JVM running for 19.275)
2022-07-03 10:46:58,388 INFO [main] org.springframework.boot.StartupInfoLogger : Starting ProcedimientoUsuarioServiceTest using Java 17 on DESKTOP-U349J0B with PID 10384 (started by Ana in F:\Universidad\TFG\SDS_Definitivo\SDS\SDS\SDS-Controller)
2022-07-03 10:47:00,397 DEBUG [main] org.springframework.boot.StartupInfoLogger : Running with Spring Boot v2.5.5, Spring v5.3.10
2022-07-03 10:47:00,426 INFO [main] org.springframework.boot.SpringApplication : No active profile set, falling back to default profiles: default
2022-07-03 10:47:12,096 INFO [main] org.springframework.boot.StartupInfoLogger : Started ProcedimientoUsuarioServiceTest in 14.352 seconds (JVM running for 17.325)
2022-07-03 10:54:16,431 INFO [main] org.springframework.boot.StartupInfoLogger : Starting ProcedimientoUsuarioServiceTest using Java 17 on DESKTOP-U349J0B with PID 468 (started by Ana in F:\Universidad\TFG\SDS_Definitivo\SDS\SDS\SDS-Controller)
2022-07-03 10:54:16,435 DEBUG [main] org.springframework.boot.StartupInfoLogger : Running with Spring Boot v2.5.5, Spring v5.3.10
2022-07-03 10:54:16,438 INFO [main] org.springframework.boot.SpringApplication : No active profile set, falling back to default profiles: default
2022-07-03 10:54:30,230 INFO [main] org.springframework.boot.StartupInfoLogger : Started ProcedimientoUsuarioServiceTest in 14.411 seconds (JVM running for 15.738)
2022-07-03 10:56:25,005 INFO [main] org.springframework.boot.StartupInfoLogger : Starting ProcedimientoUsuarioServiceTest using Java 17 on DESKTOP-U349J0B with PID 10980 (started by Ana in F:\Universidad\TFG\SDS_Definitivo\SDS\SDS\SDS-Controller)
2022-07-03 10:56:25,014 DEBUG [main] org.springframework.boot.StartupInfoLogger : Running with Spring Boot v2.5.5, Spring v5.3.10
2022-07-03 10:56:25,024 INFO [main] org.springframework.boot.SpringApplication : No active profile set, falling back to default profiles: default
2022-07-03 10:56:37,556 INFO [main] org.springframework.boot.StartupInfoLogger : Started ProcedimientoUsuarioServiceTest in 13.423 seconds (JVM running for 18.324)
2022-07-03 10:56:46,036 INFO [main] org.springframework.boot.StartupInfoLogger : Starting ProcedimientoUsuarioServiceTest using Java 17 on DESKTOP-U349J0B with PID 5140 (started by Ana in F:\Universidad\TFG\SDS_Definitivo\SDS\SDS\SDS-Controller)
2022-07-03 10:56:46,041 DEBUG [main] org.springframework.boot.StartupInfoLogger : Running with Spring Boot v2.5.5, Spring v5.3.10
2022-07-03 10:56:46,045 INFO [main] org.springframework.boot.SpringApplication : No active profile set, falling back to default profiles: default
2022-07-03 10:56:58,724 INFO [main] org.springframework.boot.StartupInfoLogger : Started ProcedimientoUsuarioServiceTest in 13.573 seconds (JVM running for 15.284)
2022-07-03 10:57:17,316 INFO [main] org.springframework.boot.StartupInfoLogger : Starting ProcedimientoUsuarioServiceTest using Java 17 on DESKTOP-U349J0B with PID 10932 (started by Ana in F:\Universidad\TFG\SDS_Definitivo\SDS\SDS\SDS-Controller)
2022-07-03 10:57:17,323 DEBUG [main] org.springframework.boot.StartupInfoLogger : Running with Spring Boot v2.5.5, Spring v5.3.10
2022-07-03 10:57:17,325 INFO [main] org.springframework.boot.SpringApplication : No active profile set, falling back to default profiles: default
2022-07-03 10:57:37,115 INFO [main] org.springframework.boot.StartupInfoLogger : Started ProcedimientoUsuarioServiceTest in 20.689 seconds (JVM running for 22.422)
2022-07-03 11:00:31,429 INFO [main] org.springframework.boot.StartupInfoLogger : Starting ProcedimientoUsuarioServiceTest using Java 17 on DESKTOP-U349J0B with PID 1804 (started by Ana in F:\Universidad\TFG\SDS_Definitivo\SDS\SDS\SDS-Controller)
2022-07-03 11:00:31,432 DEBUG [main] org.springframework.boot.StartupInfoLogger : Running with Spring Boot v2.5.5, Spring v5.3.10
2022-07-03 11:00:31,435 INFO [main] org.springframework.boot.SpringApplication : No active profile set, falling back to default profiles: default
2022-07-03 11:00:43,649 INFO [main] org.springframework.boot.StartupInfoLogger : Started ProcedimientoUsuarioServiceTest in 12.844 seconds (JVM running for 14.295)
2022-07-03 11:13:22,443 INFO [main] org.springframework.boot.StartupInfoLogger : Starting ProcedimientoUsuarioServiceTest using Java 17 on DESKTOP-U349J0B with PID 10596 (started by Ana in F:\Universidad\TFG\SDS_Definitivo\SDS\SDS\SDS-Controller)
2022-07-03 11:13:22,446 DEBUG [main] org.springframework.boot.StartupInfoLogger : Running with Spring Boot v2.5.5, Spring v5.3.10
2022-07-03 11:13:22,450 INFO [main] org.springframework.boot.SpringApplication : No active profile set, falling back to default profiles: default
2022-07-03 11:13:32,579 INFO [main] org.springframework.boot.StartupInfoLogger : Started ProcedimientoUsuarioServiceTest in 10.706 seconds (JVM running for 11.937)
2022-07-03 11:18:13,020 INFO [main] org.springframework.boot.StartupInfoLogger : Starting ProcedimientoUsuarioServiceTest using Java 17 on DESKTOP-U349J0B with PID 8168 (started by Ana in F:\Universidad\TFG\SDS_Definitivo\SDS\SDS\SDS-Controller)
2022-07-03 11:18:13,024 DEBUG [main] org.springframework.boot.StartupInfoLogger : Running with Spring Boot v2.5.5, Spring v5.3.10
2022-07-03 11:18:13,028 INFO [main] org.springframework.boot.SpringApplication : No active profile set, falling back to default profiles: default
2022-07-03 11:18:25,649 INFO [main] org.springframework.boot.StartupInfoLogger : Started ProcedimientoUsuarioServiceTest in 13.266 seconds (JVM running for 18.023)
2022-07-03 11:20:00,678 INFO [main] org.springframework.boot.StartupInfoLogger : Starting ProcedimientoUsuarioServiceTest using Java 17 on DESKTOP-U349J0B with PID 5444 (started by Ana in F:\Universidad\TFG\SDS_Definitivo\SDS\SDS\SDS-Controller)
2022-07-03 11:20:00,682 DEBUG [main] org.springframework.boot.StartupInfoLogger : Running with Spring Boot v2.5.5, Spring v5.3.10
2022-07-03 11:20:00,685 INFO [main] org.springframework.boot.SpringApplication : No active profile set, falling back to default profiles: default
2022-07-03 11:20:15,245 INFO [main] org.springframework.boot.StartupInfoLogger : Started ProcedimientoUsuarioServiceTest in 15.202 seconds (JVM running for 19.976)
2022-07-03 11:30:48,935 INFO [main] org.springframework.boot.StartupInfoLogger : Starting ProcedimientoUsuarioServiceTest using Java 17 on DESKTOP-U349J0B with PID 11116 (started by Ana in F:\Universidad\TFG\SDS_Definitivo\SDS\SDS\SDS-Controller)
2022-07-03 11:30:48,938 DEBUG [main] org.springframework.boot.StartupInfoLogger : Running with Spring Boot v2.5.5, Spring v5.3.10
2022-07-03 11:30:48,943 INFO [main] org.springframework.boot.SpringApplication : No active profile set, falling back to default profiles: default
2022-07-03 11:30:58,993 INFO [main] org.springframework.boot.StartupInfoLogger : Started ProcedimientoUsuarioServiceTest in 10.601 seconds (JVM running for 18.736)
2022-07-03 13:34:13,786 INFO [main] org.springframework.boot.StartupInfoLogger : Starting ProcedimientoUsuarioServiceTest using Java 17 on DESKTOP-U349J0B with PID 7736 (started by Ana in F:\Universidad\TFG\SDS_Definitivo\SDS\SDS\SDS-Controller)
2022-07-03 13:34:13,790 DEBUG [main] org.springframework.boot.StartupInfoLogger : Running with Spring Boot v2.5.5, Spring v5.3.10
2022-07-03 13:34:13,794 INFO [main] org.springframework.boot.SpringApplication : No active profile set, falling back to default profiles: default
2022-07-03 13:34:37,151 INFO [main] org.springframework.boot.StartupInfoLogger : Started ProcedimientoUsuarioServiceTest in 23.879 seconds (JVM running for 25.421)
2022-07-03 13:35:04,877 INFO [main] org.springframework.boot.StartupInfoLogger : Starting ProcedimientoUsuarioServiceTest using Java 17 on DESKTOP-U349J0B with PID 3728 (started by Ana in F:\Universidad\TFG\SDS_Definitivo\SDS\SDS\SDS-Controller)
2022-07-03 13:35:04,883 DEBUG [main] org.springframework.boot.StartupInfoLogger : Running with Spring Boot v2.5.5, Spring v5.3.10
2022-07-03 13:35:04,886 INFO [main] org.springframework.boot.SpringApplication : No active profile set, falling back to default profiles: default
2022-07-03 13:35:23,298 INFO [main] org.springframework.boot.StartupInfoLogger : Started ProcedimientoUsuarioServiceTest in 19.59 seconds (JVM running for 25.564)
2022-07-03 13:40:40,078 INFO [main] org.springframework.boot.StartupInfoLogger : Starting ProcedimientoUsuarioServiceTest using Java 17 on DESKTOP-U349J0B with PID 10940 (started by Ana in F:\Universidad\TFG\SDS_Definitivo\SDS\SDS\SDS-Controller)
2022-07-03 13:40:40,080 DEBUG [main] org.springframework.boot.StartupInfoLogger : Running with Spring Boot v2.5.5, Spring v5.3.10
2022-07-03 13:40:40,093 INFO [main] org.springframework.boot.SpringApplication : No active profile set, falling back to default profiles: default
2022-07-03 13:40:54,977 INFO [main] org.springframework.boot.StartupInfoLogger : Started ProcedimientoUsuarioServiceTest in 19.362 seconds (JVM running for 20.718)
2022-07-03 13:41:08,470 INFO [main] org.springframework.boot.StartupInfoLogger : Starting ProcedimientoUsuarioServiceTest using Java 17 on DESKTOP-U349J0B with PID 4824 (started by Ana in F:\Universidad\TFG\SDS_Definitivo\SDS\SDS\SDS-Controller)
2022-07-03 13:41:08,474 DEBUG [main] org.springframework.boot.StartupInfoLogger : Running with Spring Boot v2.5.5, Spring v5.3.10
2022-07-03 13:41:08,477 INFO [main] org.springframework.boot.SpringApplication : No active profile set, falling back to default profiles: default
2022-07-03 13:41:22,637 INFO [main] org.springframework.boot.StartupInfoLogger : Started ProcedimientoUsuarioServiceTest in 14.93 seconds (JVM running for 19.807)
2022-07-03 13:43:59,989 INFO [main] org.springframework.boot.StartupInfoLogger : Starting RegistroServiceTest using Java 17 on DESKTOP-U349J0B with PID 1768 (started by Ana in F:\Universidad\TFG\SDS_Definitivo\SDS\SDS\SDS-Controller)
2022-07-03 13:43:59,994 DEBUG [main] org.springframework.boot.StartupInfoLogger : Running with Spring Boot v2.5.5, Spring v5.3.10
2022-07-03 13:43:59,998 INFO [main] org.springframework.boot.SpringApplication : No active profile set, falling back to default profiles: default
2022-07-03 13:44:10,063 INFO [main] org.springframework.boot.StartupInfoLogger : Started RegistroServiceTest in 10.658 seconds (JVM running for 12.135)
2022-07-03 19:02:48,042 INFO [restartedMain] org.springframework.boot.StartupInfoLogger : Starting SDSApplication using Java 17 on DESKTOP-U349J0B with PID 12024 (F:\Universidad\TFG\SDS_Definitivo\SDS\SDS\SDS-Controller\target\classes started by Ana in F:\Universidad\TFG\SDS_Definitivo\SDS\SDS\SDS-Controller)
2022-07-03 19:02:48,047 DEBUG [restartedMain] org.springframework.boot.StartupInfoLogger : Running with Spring Boot v2.5.5, Spring v5.3.10
2022-07-03 19:02:48,048 INFO [restartedMain] org.springframework.boot.SpringApplication : No active profile set, falling back to default profiles: default
2022-07-03 19:03:05,281 INFO [restartedMain] org.springframework.boot.StartupInfoLogger : Started SDSApplication in 34.266 seconds (JVM running for 37.008)
2022-07-03 21:34:00,676 INFO [main] org.springframework.boot.StartupInfoLogger : Starting RegistroServiceTest using Java 17 on DESKTOP-U349J0B with PID 7832 (started by Ana in F:\Universidad\TFG\SDS_Definitivo\SDS\SDS\SDS-Controller)
2022-07-03 21:34:00,683 DEBUG [main] org.springframework.boot.StartupInfoLogger : Running with Spring Boot v2.5.5, Spring v5.3.10
2022-07-03 21:34:00,689 INFO [main] org.springframework.boot.SpringApplication : No active profile set, falling back to default profiles: default
2022-07-03 21:34:21,782 INFO [main] org.springframework.boot.StartupInfoLogger : Started RegistroServiceTest in 21.99 seconds (JVM running for 30.481)
2022-07-03 21:42:35,559 INFO [main] org.springframework.boot.StartupInfoLogger : Starting RegistroServiceTest using Java 17 on DESKTOP-U349J0B with PID 11824 (started by Ana in F:\Universidad\TFG\SDS_Definitivo\SDS\SDS\SDS-Controller)
2022-07-03 21:42:35,561 DEBUG [main] org.springframework.boot.StartupInfoLogger : Running with Spring Boot v2.5.5, Spring v5.3.10
2022-07-03 21:42:35,563 INFO [main] org.springframework.boot.SpringApplication : No active profile set, falling back to default profiles: default
2022-07-03 21:43:01,236 INFO [main] org.springframework.boot.StartupInfoLogger : Started RegistroServiceTest in 26.8 seconds (JVM running for 30.226)
2022-07-03 21:54:34,624 INFO [main] org.springframework.boot.StartupInfoLogger : Starting RegistroServiceTest using Java 17 on DESKTOP-U349J0B with PID 14984 (started by Ana in F:\Universidad\TFG\SDS_Definitivo\SDS\SDS\SDS-Controller)
2022-07-03 21:54:34,627 DEBUG [main] org.springframework.boot.StartupInfoLogger : Running with Spring Boot v2.5.5, Spring v5.3.10
2022-07-03 21:54:34,636 INFO [main] org.springframework.boot.SpringApplication : No active profile set, falling back to default profiles: default
2022-07-03 21:54:59,970 INFO [main] org.springframework.boot.StartupInfoLogger : Started RegistroServiceTest in 26.153 seconds (JVM running for 29.219)
2022-07-03 22:15:48,888 INFO [main] org.springframework.boot.StartupInfoLogger : Starting LoginServiceTest using Java 17 on DESKTOP-U349J0B with PID 5844 (started by Ana in F:\Universidad\TFG\SDS_Definitivo\SDS\SDS\SDS-Controller)
2022-07-03 22:15:48,893 DEBUG [main] org.springframework.boot.StartupInfoLogger : Running with Spring Boot v2.5.5, Spring v5.3.10
2022-07-03 22:15:48,898 INFO [main] org.springframework.boot.SpringApplication : No active profile set, falling back to default profiles: default
2022-07-03 22:16:07,669 INFO [main] org.springframework.boot.StartupInfoLogger : Started LoginServiceTest in 19.707 seconds (JVM running for 25.001)
2022-07-03 22:28:02,594 INFO [main] org.springframework.boot.StartupInfoLogger : Starting AccionServiceTest using Java 17 on DESKTOP-U349J0B with PID 7340 (started by Ana in F:\Universidad\TFG\SDS_Definitivo\SDS\SDS\SDS-Controller)
2022-07-03 22:28:02,601 DEBUG [main] org.springframework.boot.StartupInfoLogger : Running with Spring Boot v2.5.5, Spring v5.3.10
2022-07-03 22:28:02,606 INFO [main] org.springframework.boot.SpringApplication : No active profile set, falling back to default profiles: default
2022-07-03 22:28:27,493 INFO [main] org.springframework.boot.StartupInfoLogger : Started AccionServiceTest in 25.782 seconds (JVM running for 31.371)
2022-07-03 22:34:30,716 INFO [main] org.springframework.boot.StartupInfoLogger : Starting EmpresaServiceTest using Java 17 on DESKTOP-U349J0B with PID 14328 (started by Ana in F:\Universidad\TFG\SDS_Definitivo\SDS\SDS\SDS-Controller)
2022-07-03 22:34:30,723 DEBUG [main] org.springframework.boot.StartupInfoLogger : Running with Spring Boot v2.5.5, Spring v5.3.10
2022-07-03 22:34:30,741 INFO [main] org.springframework.boot.SpringApplication : No active profile set, falling back to default profiles: default
2022-07-03 22:34:55,954 INFO [main] org.springframework.boot.StartupInfoLogger : Started EmpresaServiceTest in 26.392 seconds (JVM running for 32.132)
2022-07-03 22:41:34,841 INFO [main] org.springframework.boot.StartupInfoLogger : Starting FuncionalidadServiceTest using Java 17 on DESKTOP-U349J0B with PID 2584 (started by Ana in F:\Universidad\TFG\SDS_Definitivo\SDS\SDS\SDS-Controller)
2022-07-03 22:41:34,846 DEBUG [main] org.springframework.boot.StartupInfoLogger : Running with Spring Boot v2.5.5, Spring v5.3.10
2022-07-03 22:41:34,850 INFO [main] org.springframework.boot.SpringApplication : No active profile set, falling back to default profiles: default
2022-07-03 22:41:54,266 INFO [main] org.springframework.boot.StartupInfoLogger : Started FuncionalidadServiceTest in 20.301 seconds (JVM running for 25.523)
2022-07-03 22:47:21,651 INFO [main] org.springframework.boot.StartupInfoLogger : Starting NoticiaServiceTest using Java 17 on DESKTOP-U349J0B with PID 13600 (started by Ana in F:\Universidad\TFG\SDS_Definitivo\SDS\SDS\SDS-Controller)
2022-07-03 22:47:21,657 DEBUG [main] org.springframework.boot.StartupInfoLogger : Running with Spring Boot v2.5.5, Spring v5.3.10
2022-07-03 22:47:21,667 INFO [main] org.springframework.boot.SpringApplication : No active profile set, falling back to default profiles: default
2022-07-03 22:47:47,745 INFO [main] org.springframework.boot.StartupInfoLogger : Started NoticiaServiceTest in 26.988 seconds (JVM running for 30.323)
